Mon Mar  3 11:36:22 UTC 2025
Mon Mar  3 13:15:29 UTC 2025
Tue Mar  4 13:14:40 UTC 2025
Wed Mar  5 13:15:35 UTC 2025
Thu Mar  6 13:15:20 UTC 2025
Fri Mar  7 13:13:59 UTC 2025
Sat Mar  8 12:49:48 UTC 2025
Sun Mar  9 12:48:08 UTC 2025
Mon Mar 10 13:17:02 UTC 2025
Tue Mar 11 13:17:00 UTC 2025
Wed Mar 12 13:16:22 UTC 2025
Thu Mar 13 13:17:05 UTC 2025
Fri Mar 14 13:04:37 UTC 2025
Sat Mar 15 13:00:33 UTC 2025
Sun Mar 16 13:01:36 UTC 2025
Mon Mar 17 13:34:33 UTC 2025
Tue Mar 18 13:17:40 UTC 2025
Wed Mar 19 13:17:21 UTC 2025
Thu Mar 20 13:15:30 UTC 2025
Fri Mar 21 13:15:36 UTC 2025
Sat Mar 22 13:01:17 UTC 2025
Sun Mar 23 13:01:47 UTC 2025
Mon Mar 24 13:34:41 UTC 2025
Tue Mar 25 13:33:24 UTC 2025
Wed Mar 26 13:34:10 UTC 2025
Thu Mar 27 13:17:39 UTC 2025
Fri Mar 28 13:16:34 UTC 2025
Sat Mar 29 13:03:01 UTC 2025
Sun Mar 30 13:03:06 UTC 2025
Mon Mar 31 13:34:45 UTC 2025
Tue Apr  1 13:36:11 UTC 2025
Wed Apr  2 13:34:24 UTC 2025
Thu Apr  3 12:46:54 UTC 2025
Fri Apr  4 12:45:16 UTC 2025
Sat Apr  5 12:39:59 UTC 2025
Sun Apr  6 12:40:09 UTC 2025
Mon Apr  7 12:47:54 UTC 2025
Tue Apr  8 12:47:16 UTC 2025
Wed Apr  9 12:47:19 UTC 2025
Thu Apr 10 12:47:19 UTC 2025
Fri Apr 11 12:45:44 UTC 2025
Sat Apr 12 12:40:19 UTC 2025
Sun Apr 13 12:40:53 UTC 2025
Mon Apr 14 12:47:43 UTC 2025
Tue Apr 15 12:46:46 UTC 2025
Wed Apr 16 12:47:35 UTC 2025
Thu Apr 17 12:46:44 UTC 2025
Fri Apr 18 12:44:15 UTC 2025
Sat Apr 19 12:40:17 UTC 2025
Sun Apr 20 12:40:44 UTC 2025
Mon Apr 21 12:45:42 UTC 2025
Tue Apr 22 12:47:04 UTC 2025
Wed Apr 23 12:48:11 UTC 2025
Thu Apr 24 12:48:45 UTC 2025
Fri Apr 25 12:47:33 UTC 2025
Sat Apr 26 12:41:07 UTC 2025
Sun Apr 27 12:41:12 UTC 2025
Mon Apr 28 12:55:45 UTC 2025
Tue Apr 29 12:50:42 UTC 2025
Wed Apr 30 12:46:42 UTC 2025
Thu May  1 12:45:42 UTC 2025
Fri May  2 12:46:21 UTC 2025
Sat May  3 12:42:02 UTC 2025
Sun May  4 12:42:46 UTC 2025
Mon May  5 12:48:53 UTC 2025
Tue May  6 12:50:05 UTC 2025
Wed May  7 12:50:50 UTC 2025
Thu May  8 12:48:54 UTC 2025
Fri May  9 12:47:15 UTC 2025
Sat May 10 12:41:53 UTC 2025
Sun May 11 12:42:20 UTC 2025
Mon May 12 12:50:28 UTC 2025
Tue May 13 12:50:43 UTC 2025
Wed May 14 12:49:00 UTC 2025
Thu May 15 12:49:06 UTC 2025
Fri May 16 12:48:57 UTC 2025
Sat May 17 12:42:42 UTC 2025
Sun May 18 12:43:26 UTC 2025
Mon May 19 12:50:59 UTC 2025
Tue May 20 12:50:41 UTC 2025
Wed May 21 12:50:25 UTC 2025
Thu May 22 12:50:27 UTC 2025
Fri May 23 12:48:32 UTC 2025
Sat May 24 12:42:59 UTC 2025
Sun May 25 12:43:41 UTC 2025
Mon May 26 12:48:14 UTC 2025
Tue May 27 12:51:01 UTC 2025
Wed May 28 12:50:36 UTC 2025
Thu May 29 12:49:19 UTC 2025
Fri May 30 12:49:43 UTC 2025
Sat May 31 12:44:08 UTC 2025
Sun Jun  1 12:45:52 UTC 2025
Mon Jun  2 12:50:49 UTC 2025
Tue Jun  3 12:51:26 UTC 2025
Wed Jun  4 12:51:32 UTC 2025
Thu Jun  5 12:50:36 UTC 2025
Fri Jun  6 12:49:23 UTC 2025
Sat Jun  7 12:44:53 UTC 2025
Sun Jun  8 12:44:35 UTC 2025
Mon Jun  9 12:50:49 UTC 2025
Tue Jun 10 12:51:24 UTC 2025
Wed Jun 11 12:51:10 UTC 2025
Thu Jun 12 12:50:29 UTC 2025
Fri Jun 13 12:49:55 UTC 2025
Sat Jun 14 12:44:51 UTC 2025
Sun Jun 15 12:45:34 UTC 2025
Mon Jun 16 12:52:16 UTC 2025
Tue Jun 17 12:51:46 UTC 2025
Wed Jun 18 12:51:39 UTC 2025
Thu Jun 19 12:50:43 UTC 2025
Fri Jun 20 12:50:16 UTC 2025
Sat Jun 21 12:45:26 UTC 2025
Sun Jun 22 12:45:22 UTC 2025
Mon Jun 23 12:52:25 UTC 2025
Tue Jun 24 12:51:47 UTC 2025
Wed Jun 25 12:52:31 UTC 2025
Thu Jun 26 12:51:46 UTC 2025
Fri Jun 27 12:50:25 UTC 2025
Sat Jun 28 12:46:00 UTC 2025
Sun Jun 29 12:47:01 UTC 2025
Mon Jun 30 12:51:37 UTC 2025
Tue Jul  1 12:51:41 UTC 2025
Wed Jul  2 12:51:23 UTC 2025
Thu Jul  3 12:49:54 UTC 2025
Fri Jul  4 12:50:10 UTC 2025
Sat Jul  5 12:46:21 UTC 2025
Sun Jul  6 12:47:00 UTC 2025
Mon Jul  7 12:52:03 UTC 2025
Tue Jul  8 12:51:56 UTC 2025
Wed Jul  9 12:51:58 UTC 2025
Thu Jul 10 12:52:40 UTC 2025
Fri Jul 11 12:51:06 UTC 2025
Sat Jul 12 12:48:02 UTC 2025
Sun Jul 13 12:48:17 UTC 2025
Mon Jul 14 12:53:20 UTC 2025
Tue Jul 15 12:53:55 UTC 2025
Wed Jul 16 12:54:25 UTC 2025
Thu Jul 17 12:53:38 UTC 2025
Fri Jul 18 12:54:47 UTC 2025
Sat Jul 19 12:49:16 UTC 2025
Sun Jul 20 12:49:44 UTC 2025
Mon Jul 21 12:55:05 UTC 2025
Tue Jul 22 12:55:12 UTC 2025
Wed Jul 23 12:55:20 UTC 2025
Thu Jul 24 12:54:46 UTC 2025
Fri Jul 25 12:53:42 UTC 2025
Sat Jul 26 12:49:43 UTC 2025
Sun Jul 27 12:51:01 UTC 2025
Mon Jul 28 12:56:03 UTC 2025
Tue Jul 29 12:56:30 UTC 2025
